c:\users\anh huy\desktop\groupwin\code\group03_hook-master\groupwin\x64\debug\groupwin.pch
c:\users\anh huy\desktop\groupwin\code\group03_hook-master\groupwin\x64\debug\vc141.pdb
c:\users\anh huy\desktop\groupwin\code\group03_hook-master\groupwin\x64\debug\vc141.idb
c:\users\anh huy\desktop\groupwin\code\group03_hook-master\groupwin\x64\debug\stdafx.obj
c:\users\anh huy\desktop\groupwin\code\group03_hook-master\groupwin\x64\debug\groupwin.obj
c:\users\anh huy\desktop\group03_hook-master\groupwin\x64\debug\groupwin.pch
c:\users\anh huy\desktop\group03_hook-master\groupwin\x64\debug\vc141.pdb
c:\users\anh huy\desktop\group03_hook-master\groupwin\x64\debug\vc141.idb
c:\users\anh huy\desktop\group03_hook-master\groupwin\x64\debug\stdafx.obj
c:\users\anh huy\desktop\group03_hook-master\groupwin\x64\debug\groupwin.obj
c:\users\anh huy\desktop\groupwin\code\group03_hook-master\x64\debug\groupwin.exe
c:\users\anh huy\desktop\groupwin\code\group03_hook-master\x64\debug\groupwin.ilk
c:\users\anh huy\desktop\groupwin\code\group03_hook-master\x64\debug\groupwin.pdb
c:\users\anh huy\desktop\group03_hook-master\x64\debug\groupwin.exe
c:\users\anh huy\desktop\group03_hook-master\x64\debug\groupwin.ilk
c:\users\anh huy\desktop\group03_hook-master\x64\debug\groupwin.pdb
c:\users\anh huy\desktop\groupwin\code\group03_hook-master\groupwin\x64\debug\groupwin.res
c:\users\anh huy\desktop\group03_hook-master\groupwin\x64\debug\groupwin.res
c:\users\anh huy\desktop\group03_hook-master\groupwin\x64\debug\groupwin.obj.enc
c:\users\anh huy\desktop\group03_hook-master\groupwin\x64\debug\groupwin.tlog\cl.command.1.tlog
c:\users\anh huy\desktop\group03_hook-master\groupwin\x64\debug\groupwin.tlog\cl.read.1.tlog
c:\users\anh huy\desktop\group03_hook-master\groupwin\x64\debug\groupwin.tlog\cl.write.1.tlog
c:\users\anh huy\desktop\group03_hook-master\groupwin\x64\debug\groupwin.tlog\link.command.1.tlog
c:\users\anh huy\desktop\group03_hook-master\groupwin\x64\debug\groupwin.tlog\link.read.1.tlog
c:\users\anh huy\desktop\group03_hook-master\groupwin\x64\debug\groupwin.tlog\link.write.1.tlog
c:\users\anh huy\desktop\group03_hook-master\groupwin\x64\debug\groupwin.tlog\rc.command.1.tlog
c:\users\anh huy\desktop\group03_hook-master\groupwin\x64\debug\groupwin.tlog\rc.read.1.tlog
c:\users\anh huy\desktop\group03_hook-master\groupwin\x64\debug\groupwin.tlog\rc.write.1.tlog
